[2024-12-25 21:56:51,064: INFO: common : yaml file: config\config.yaml loaded successfully]
[2024-12-25 21:56:51,070: INFO: common : yaml file: params.yaml loaded successfully]
[2024-12-25 21:57:36,153: INFO: common : yaml file: config\config.yaml loaded successfully]
[2024-12-25 21:57:36,158: INFO: common : yaml file: params.yaml loaded successfully]
[2024-12-25 21:57:36,159: INFO: common : created directory at: artifacts]
[2024-12-25 21:58:36,270: INFO: common : yaml file: config\config.yaml loaded successfully]
[2024-12-25 21:58:36,277: INFO: common : yaml file: params.yaml loaded successfully]
[2024-12-25 21:58:36,279: INFO: common : created directory at: artifacts]
[2024-12-25 21:58:52,659: INFO: common : yaml file: config\config.yaml loaded successfully]
[2024-12-25 21:58:52,663: INFO: common : yaml file: params.yaml loaded successfully]
[2024-12-25 21:58:52,665: INFO: common : created directory at: artifacts]
[2024-12-25 21:59:19,116: INFO: common : yaml file: config\config.yaml loaded successfully]
[2024-12-25 21:59:19,120: INFO: common : yaml file: params.yaml loaded successfully]
[2024-12-25 21:59:19,122: INFO: common : created directory at: artifacts]
[2024-12-25 21:59:59,618: INFO: common : yaml file: config\config.yaml loaded successfully]
[2024-12-25 21:59:59,626: INFO: common : yaml file: params.yaml loaded successfully]
[2024-12-25 21:59:59,630: INFO: common : created directory at: artifacts]
[2024-12-25 22:01:26,290: INFO: common : yaml file: config\config.yaml loaded successfully]
[2024-12-25 22:01:26,295: INFO: common : yaml file: params.yaml loaded successfully]
[2024-12-25 22:01:26,296: INFO: common : created directory at: artifacts]
[2024-12-25 22:01:26,298: INFO: common : created directory at: artifacts/data_ingestion]
[2024-12-25 22:01:26,300: INFO: 1983665874 : Downloading data from https://drive.google.com/file/d/1z0mreUtRmR-P-magILsDR3T7M6IkGXtY/view?usp=sharing into file artifacts/data_ingestion/data.zip]
[2024-12-25 22:05:02,360: INFO: 1983665874 : Downloaded data from https://drive.google.com/file/d/1z0mreUtRmR-P-magILsDR3T7M6IkGXtY/view?usp=sharing into file artifacts/data_ingestion/data.zip]
[2024-12-25 22:21:32,451: INFO: main : >>> Stage Data Ingestion started <<<]
[2024-12-25 22:21:32,455: INFO: common : yaml file: config\config.yaml loaded successfully]
[2024-12-25 22:21:32,458: INFO: common : yaml file: params.yaml loaded successfully]
[2024-12-25 22:21:32,459: INFO: common : created directory at: artifacts]
[2024-12-25 22:21:32,469: INFO: common : created directory at: artifacts/data_ingestion]
[2024-12-25 22:21:32,471: INFO: data_ingestion : Downloading data from https://drive.google.com/file/d/1z0mreUtRmR-P-magILsDR3T7M6IkGXtY/view?usp=sharing into file artifacts/data_ingestion/data.zip]
[2024-12-25 22:24:25,075: INFO: data_ingestion : Downloaded data from https://drive.google.com/file/d/1z0mreUtRmR-P-magILsDR3T7M6IkGXtY/view?usp=sharing into file artifacts/data_ingestion/data.zip]
[2024-12-25 22:24:26,007: INFO: main : >> stage Data Ingestion completed <<]
